[INFO  - 2017-05-31T14:57:48.687Z] GhostDriver - Main - running on port 35619
[INFO  - 2017-05-31T14:57:49.525Z] Session [83a69410-4611-11e7-b5e2-cb5f180163f8] - page.settings - {"XSSAuditingEnabled":false,"javascriptCanCloseWindows":true,"javascriptCanOpenWindows":true,"javascriptEnabled":true,"loadImages":true,"localToRemoteUrlAccessEnabled":false,"userAgent":"Mozilla/5.0 (Unknown; Linux x86_64) AppleWebKit/538.1 (KHTML, like Gecko) PhantomJS/2.1.1 Safari/538.1","webSecurityEnabled":true}
[INFO  - 2017-05-31T14:57:49.526Z] Session [83a69410-4611-11e7-b5e2-cb5f180163f8] - page.customHeaders:  - {}
[INFO  - 2017-05-31T14:57:49.526Z] Session [83a69410-4611-11e7-b5e2-cb5f180163f8] - Session.negotiatedCapabilities - {"browserName":"phantomjs","version":"2.1.1","driverName":"ghostdriver","driverVersion":"1.2.0","platform":"linux-unknown-64bit","javascriptEnabled":true,"takesScreenshot":true,"handlesAlerts":false,"databaseEnabled":false,"locationContextEnabled":false,"applicationCacheEnabled":false,"browserConnectionEnabled":false,"cssSelectorsEnabled":true,"webStorageEnabled":false,"rotatable":false,"acceptSslCerts":false,"nativeEvents":true,"proxy":{"proxyType":"direct"}}
[INFO  - 2017-05-31T14:57:49.526Z] SessionManagerReqHand - _postNewSessionCommand - New Session Created: 83a69410-4611-11e7-b5e2-cb5f180163f8
[ERROR - 2017-05-31T14:58:07.276Z] WebElementLocator - _handleLocateCommand - Element(s) NOT Found: GAVE UP. Search Stop Time: 1496242687247

  phantomjs://platform/console++.js:263 in error
[ERROR - 2017-05-31T14:58:08.127Z] WebElementLocator - _handleLocateCommand - Element(s) NOT Found: GAVE UP. Search Stop Time: 1496242688099

  phantomjs://platform/console++.js:263 in error
[ERROR - 2017-05-31T14:58:08.979Z] WebElementLocator - _handleLocateCommand - Element(s) NOT Found: GAVE UP. Search Stop Time: 1496242688947

  phantomjs://platform/console++.js:263 in error
[ERROR - 2017-05-31T14:58:09.839Z] WebElementLocator - _handleLocateCommand - Element(s) NOT Found: GAVE UP. Search Stop Time: 1496242689806

  phantomjs://platform/console++.js:263 in error
[ERROR - 2017-05-31T14:58:10.686Z] WebElementLocator - _handleLocateCommand - Element(s) NOT Found: GAVE UP. Search Stop Time: 1496242690657

  phantomjs://platform/console++.js:263 in error
[ERROR - 2017-05-31T14:58:11.536Z] WebElementLocator - _handleLocateCommand - Element(s) NOT Found: GAVE UP. Search Stop Time: 1496242691501

  phantomjs://platform/console++.js:263 in error
[ERROR - 2017-05-31T14:58:12.392Z] WebElementLocator - _handleLocateCommand - Element(s) NOT Found: GAVE UP. Search Stop Time: 1496242692357

  phantomjs://platform/console++.js:263 in error
[ERROR - 2017-05-31T14:58:13.262Z] WebElementLocator - _handleLocateCommand - Element(s) NOT Found: GAVE UP. Search Stop Time: 1496242693208

  phantomjs://platform/console++.js:263 in error
[ERROR - 2017-05-31T14:58:14.125Z] WebElementLocator - _handleLocateCommand - Element(s) NOT Found: GAVE UP. Search Stop Time: 1496242694087

  phantomjs://platform/console++.js:263 in error
[ERROR - 2017-05-31T14:58:14.977Z] WebElementLocator - _handleLocateCommand - Element(s) NOT Found: GAVE UP. Search Stop Time: 1496242694951

  phantomjs://platform/console++.js:263 in error
[ERROR - 2017-05-31T14:58:15.834Z] WebElementLocator - _handleLocateCommand - Element(s) NOT Found: GAVE UP. Search Stop Time: 1496242695800

  phantomjs://platform/console++.js:263 in error
[ERROR - 2017-05-31T14:58:16.686Z] WebElementLocator - _handleLocateCommand - Element(s) NOT Found: GAVE UP. Search Stop Time: 1496242696654

  phantomjs://platform/console++.js:263 in error
[ERROR - 2017-05-31T14:58:17.541Z] WebElementLocator - _handleLocateCommand - Element(s) NOT Found: GAVE UP. Search Stop Time: 1496242697507

  phantomjs://platform/console++.js:263 in error
[ERROR - 2017-05-31T14:58:18.398Z] WebElementLocator - _handleLocateCommand - Element(s) NOT Found: GAVE UP. Search Stop Time: 1496242698356

  phantomjs://platform/console++.js:263 in error
[ERROR - 2017-05-31T14:58:19.244Z] WebElementLocator - _handleLocateCommand - Element(s) NOT Found: GAVE UP. Search Stop Time: 1496242699214

  phantomjs://platform/console++.js:263 in error
[ERROR - 2017-05-31T14:58:20.096Z] WebElementLocator - _handleLocateCommand - Element(s) NOT Found: GAVE UP. Search Stop Time: 1496242700067

  phantomjs://platform/console++.js:263 in error
[ERROR - 2017-05-31T14:58:20.949Z] WebElementLocator - _handleLocateCommand - Element(s) NOT Found: GAVE UP. Search Stop Time: 1496242700912

  phantomjs://platform/console++.js:263 in error
[ERROR - 2017-05-31T14:58:21.815Z] WebElementLocator - _handleLocateCommand - Element(s) NOT Found: GAVE UP. Search Stop Time: 1496242701776

  phantomjs://platform/console++.js:263 in error
[ERROR - 2017-05-31T14:58:22.673Z] WebElementLocator - _handleLocateCommand - Element(s) NOT Found: GAVE UP. Search Stop Time: 1496242702631

  phantomjs://platform/console++.js:263 in error
[ERROR - 2017-05-31T14:58:23.528Z] WebElementLocator - _handleLocateCommand - Element(s) NOT Found: GAVE UP. Search Stop Time: 1496242703494

  phantomjs://platform/console++.js:263 in error
[ERROR - 2017-05-31T14:58:24.376Z] WebElementLocator - _handleLocateCommand - Element(s) NOT Found: GAVE UP. Search Stop Time: 1496242704342

  phantomjs://platform/console++.js:263 in error
[ERROR - 2017-05-31T14:58:25.234Z] WebElementLocator - _handleLocateCommand - Element(s) NOT Found: GAVE UP. Search Stop Time: 1496242705191

  phantomjs://platform/console++.js:263 in error
[ERROR - 2017-05-31T14:58:26.082Z] WebElementLocator - _handleLocateCommand - Element(s) NOT Found: GAVE UP. Search Stop Time: 1496242706053

  phantomjs://platform/console++.js:263 in error
[ERROR - 2017-05-31T14:58:26.931Z] WebElementLocator - _handleLocateCommand - Element(s) NOT Found: GAVE UP. Search Stop Time: 1496242706902

  phantomjs://platform/console++.js:263 in error
[ERROR - 2017-05-31T14:58:27.786Z] WebElementLocator - _handleLocateCommand - Element(s) NOT Found: GAVE UP. Search Stop Time: 1496242707751

  phantomjs://platform/console++.js:263 in error
[ERROR - 2017-05-31T14:58:28.636Z] WebElementLocator - _handleLocateCommand - Element(s) NOT Found: GAVE UP. Search Stop Time: 1496242708610

  phantomjs://platform/console++.js:263 in error
[ERROR - 2017-05-31T14:58:29.491Z] WebElementLocator - _handleLocateCommand - Element(s) NOT Found: GAVE UP. Search Stop Time: 1496242709457

  phantomjs://platform/console++.js:263 in error
[ERROR - 2017-05-31T14:58:30.339Z] WebElementLocator - _handleLocateCommand - Element(s) NOT Found: GAVE UP. Search Stop Time: 1496242710308

  phantomjs://platform/console++.js:263 in error
[ERROR - 2017-05-31T14:58:31.189Z] WebElementLocator - _handleLocateCommand - Element(s) NOT Found: GAVE UP. Search Stop Time: 1496242711159

  phantomjs://platform/console++.js:263 in error
[ERROR - 2017-05-31T14:58:32.036Z] WebElementLocator - _handleLocateCommand - Element(s) NOT Found: GAVE UP. Search Stop Time: 1496242712011

  phantomjs://platform/console++.js:263 in error
[ERROR - 2017-05-31T14:58:32.889Z] WebElementLocator - _handleLocateCommand - Element(s) NOT Found: GAVE UP. Search Stop Time: 1496242712852

  phantomjs://platform/console++.js:263 in error
[ERROR - 2017-05-31T14:58:33.734Z] WebElementLocator - _handleLocateCommand - Element(s) NOT Found: GAVE UP. Search Stop Time: 1496242713705

  phantomjs://platform/console++.js:263 in error
[ERROR - 2017-05-31T14:58:34.588Z] WebElementLocator - _handleLocateCommand - Element(s) NOT Found: GAVE UP. Search Stop Time: 1496242714554

  phantomjs://platform/console++.js:263 in error
[ERROR - 2017-05-31T14:58:35.442Z] WebElementLocator - _handleLocateCommand - Element(s) NOT Found: GAVE UP. Search Stop Time: 1496242715405

  phantomjs://platform/console++.js:263 in error
[ERROR - 2017-05-31T14:58:36.298Z] WebElementLocator - _handleLocateCommand - Element(s) NOT Found: GAVE UP. Search Stop Time: 1496242716261

  phantomjs://platform/console++.js:263 in error
[ERROR - 2017-05-31T14:58:37.147Z] WebElementLocator - _handleLocateCommand - Element(s) NOT Found: GAVE UP. Search Stop Time: 1496242717114

  phantomjs://platform/console++.js:263 in error
[ERROR - 2017-05-31T14:58:38.004Z] WebElementLocator - _handleLocateCommand - Element(s) NOT Found: GAVE UP. Search Stop Time: 1496242717969

  phantomjs://platform/console++.js:263 in error
[ERROR - 2017-05-31T14:58:38.872Z] WebElementLocator - _handleLocateCommand - Element(s) NOT Found: GAVE UP. Search Stop Time: 1496242718829

  phantomjs://platform/console++.js:263 in error
[ERROR - 2017-05-31T14:58:39.726Z] WebElementLocator - _handleLocateCommand - Element(s) NOT Found: GAVE UP. Search Stop Time: 1496242719688

  phantomjs://platform/console++.js:263 in error
[ERROR - 2017-05-31T14:58:40.577Z] WebElementLocator - _handleLocateCommand - Element(s) NOT Found: GAVE UP. Search Stop Time: 1496242720542

  phantomjs://platform/console++.js:263 in error
[ERROR - 2017-05-31T14:58:41.425Z] WebElementLocator - _handleLocateCommand - Element(s) NOT Found: GAVE UP. Search Stop Time: 1496242721399

  phantomjs://platform/console++.js:263 in error
[ERROR - 2017-05-31T14:58:42.273Z] WebElementLocator - _handleLocateCommand - Element(s) NOT Found: GAVE UP. Search Stop Time: 1496242722242

  phantomjs://platform/console++.js:263 in error
[ERROR - 2017-05-31T14:58:43.124Z] WebElementLocator - _handleLocateCommand - Element(s) NOT Found: GAVE UP. Search Stop Time: 1496242723090

  phantomjs://platform/console++.js:263 in error
[ERROR - 2017-05-31T14:58:43.973Z] WebElementLocator - _handleLocateCommand - Element(s) NOT Found: GAVE UP. Search Stop Time: 1496242723940

  phantomjs://platform/console++.js:263 in error
[ERROR - 2017-05-31T14:58:44.816Z] WebElementLocator - _handleLocateCommand - Element(s) NOT Found: GAVE UP. Search Stop Time: 1496242724793

  phantomjs://platform/console++.js:263 in error
[ERROR - 2017-05-31T14:58:45.680Z] WebElementLocator - _handleLocateCommand - Element(s) NOT Found: GAVE UP. Search Stop Time: 1496242725645

  phantomjs://platform/console++.js:263 in error
[ERROR - 2017-05-31T14:58:46.533Z] WebElementLocator - _handleLocateCommand - Element(s) NOT Found: GAVE UP. Search Stop Time: 1496242726502

  phantomjs://platform/console++.js:263 in error
[ERROR - 2017-05-31T14:58:47.384Z] WebElementLocator - _handleLocateCommand - Element(s) NOT Found: GAVE UP. Search Stop Time: 1496242727350

  phantomjs://platform/console++.js:263 in error
[ERROR - 2017-05-31T14:58:48.230Z] WebElementLocator - _handleLocateCommand - Element(s) NOT Found: GAVE UP. Search Stop Time: 1496242728202

  phantomjs://platform/console++.js:263 in error
[ERROR - 2017-05-31T14:58:49.124Z] WebElementLocator - _handleLocateCommand - Element(s) NOT Found: GAVE UP. Search Stop Time: 1496242729091

  phantomjs://platform/console++.js:263 in error
[ERROR - 2017-05-31T14:58:49.986Z] WebElementLocator - _handleLocateCommand - Element(s) NOT Found: GAVE UP. Search Stop Time: 1496242729944

  phantomjs://platform/console++.js:263 in error
[ERROR - 2017-05-31T14:58:50.839Z] WebElementLocator - _handleLocateCommand - Element(s) NOT Found: GAVE UP. Search Stop Time: 1496242730808

  phantomjs://platform/console++.js:263 in error
[ERROR - 2017-05-31T14:58:51.698Z] WebElementLocator - _handleLocateCommand - Element(s) NOT Found: GAVE UP. Search Stop Time: 1496242731654

  phantomjs://platform/console++.js:263 in error
[ERROR - 2017-05-31T14:58:52.562Z] WebElementLocator - _handleLocateCommand - Element(s) NOT Found: GAVE UP. Search Stop Time: 1496242732527

  phantomjs://platform/console++.js:263 in error
[ERROR - 2017-05-31T14:58:53.413Z] WebElementLocator - _handleLocateCommand - Element(s) NOT Found: GAVE UP. Search Stop Time: 1496242733378

  phantomjs://platform/console++.js:263 in error
[ERROR - 2017-05-31T14:58:54.258Z] WebElementLocator - _handleLocateCommand - Element(s) NOT Found: GAVE UP. Search Stop Time: 1496242734229

  phantomjs://platform/console++.js:263 in error
[ERROR - 2017-05-31T14:58:55.166Z] WebElementLocator - _handleLocateCommand - Element(s) NOT Found: GAVE UP. Search Stop Time: 1496242735122

  phantomjs://platform/console++.js:263 in error
[ERROR - 2017-05-31T14:58:56.023Z] WebElementLocator - _handleLocateCommand - Element(s) NOT Found: GAVE UP. Search Stop Time: 1496242735993

  phantomjs://platform/console++.js:263 in error
[ERROR - 2017-05-31T14:58:56.875Z] WebElementLocator - _handleLocateCommand - Element(s) NOT Found: GAVE UP. Search Stop Time: 1496242736842

  phantomjs://platform/console++.js:263 in error
[ERROR - 2017-05-31T14:58:57.728Z] WebElementLocator - _handleLocateCommand - Element(s) NOT Found: GAVE UP. Search Stop Time: 1496242737694

  phantomjs://platform/console++.js:263 in error
[ERROR - 2017-05-31T14:58:58.579Z] WebElementLocator - _handleLocateCommand - Element(s) NOT Found: GAVE UP. Search Stop Time: 1496242738542

  phantomjs://platform/console++.js:263 in error
[ERROR - 2017-05-31T14:58:59.434Z] WebElementLocator - _handleLocateCommand - Element(s) NOT Found: GAVE UP. Search Stop Time: 1496242739401

  phantomjs://platform/console++.js:263 in error
[ERROR - 2017-05-31T14:59:00.290Z] WebElementLocator - _handleLocateCommand - Element(s) NOT Found: GAVE UP. Search Stop Time: 1496242740251

  phantomjs://platform/console++.js:263 in error
[ERROR - 2017-05-31T14:59:01.137Z] WebElementLocator - _handleLocateCommand - Element(s) NOT Found: GAVE UP. Search Stop Time: 1496242741110

  phantomjs://platform/console++.js:263 in error
[ERROR - 2017-05-31T14:59:01.986Z] WebElementLocator - _handleLocateCommand - Element(s) NOT Found: GAVE UP. Search Stop Time: 1496242741953

  phantomjs://platform/console++.js:263 in error
[ERROR - 2017-05-31T14:59:02.864Z] WebElementLocator - _handleLocateCommand - Element(s) NOT Found: GAVE UP. Search Stop Time: 1496242742804

  phantomjs://platform/console++.js:263 in error
[ERROR - 2017-05-31T14:59:03.730Z] WebElementLocator - _handleLocateCommand - Element(s) NOT Found: GAVE UP. Search Stop Time: 1496242743689

  phantomjs://platform/console++.js:263 in error
[ERROR - 2017-05-31T14:59:04.582Z] WebElementLocator - _handleLocateCommand - Element(s) NOT Found: GAVE UP. Search Stop Time: 1496242744551

  phantomjs://platform/console++.js:263 in error
[ERROR - 2017-05-31T14:59:05.431Z] WebElementLocator - _handleLocateCommand - Element(s) NOT Found: GAVE UP. Search Stop Time: 1496242745402

  phantomjs://platform/console++.js:263 in error
[ERROR - 2017-05-31T14:59:06.282Z] WebElementLocator - _handleLocateCommand - Element(s) NOT Found: GAVE UP. Search Stop Time: 1496242746248

  phantomjs://platform/console++.js:263 in error
[ERROR - 2017-05-31T14:59:07.129Z] WebElementLocator - _handleLocateCommand - Element(s) NOT Found: GAVE UP. Search Stop Time: 1496242747097

  phantomjs://platform/console++.js:263 in error
[ERROR - 2017-05-31T14:59:08.099Z] WebElementLocator - _handleLocateCommand - Element(s) NOT Found: GAVE UP. Search Stop Time: 1496242748069

  phantomjs://platform/console++.js:263 in error
[ERROR - 2017-05-31T14:59:08.574Z] WebElementLocator - _handleLocateCommand - Element(s) NOT Found: GAVE UP. Search Stop Time: 1496242748544

  phantomjs://platform/console++.js:263 in error
[ERROR - 2017-05-31T14:59:09.422Z] WebElementLocator - _handleLocateCommand - Element(s) NOT Found: GAVE UP. Search Stop Time: 1496242749393

  phantomjs://platform/console++.js:263 in error
[ERROR - 2017-05-31T14:59:10.257Z] WebElementLocator - _handleLocateCommand - Element(s) NOT Found: GAVE UP. Search Stop Time: 1496242750237

  phantomjs://platform/console++.js:263 in error
[ERROR - 2017-05-31T14:59:11.105Z] WebElementLocator - _handleLocateCommand - Element(s) NOT Found: GAVE UP. Search Stop Time: 1496242751079

  phantomjs://platform/console++.js:263 in error
[ERROR - 2017-05-31T14:59:11.947Z] WebElementLocator - _handleLocateCommand - Element(s) NOT Found: GAVE UP. Search Stop Time: 1496242751924

  phantomjs://platform/console++.js:263 in error
[ERROR - 2017-05-31T14:59:12.789Z] WebElementLocator - _handleLocateCommand - Element(s) NOT Found: GAVE UP. Search Stop Time: 1496242752762

  phantomjs://platform/console++.js:263 in error
[ERROR - 2017-05-31T14:59:13.639Z] WebElementLocator - _handleLocateCommand - Element(s) NOT Found: GAVE UP. Search Stop Time: 1496242753608

  phantomjs://platform/console++.js:263 in error
[ERROR - 2017-05-31T14:59:14.484Z] WebElementLocator - _handleLocateCommand - Element(s) NOT Found: GAVE UP. Search Stop Time: 1496242754457

  phantomjs://platform/console++.js:263 in error
[ERROR - 2017-05-31T14:59:15.331Z] WebElementLocator - _handleLocateCommand - Element(s) NOT Found: GAVE UP. Search Stop Time: 1496242755300

  phantomjs://platform/console++.js:263 in error
[ERROR - 2017-05-31T14:59:16.177Z] WebElementLocator - _handleLocateCommand - Element(s) NOT Found: GAVE UP. Search Stop Time: 1496242756148

  phantomjs://platform/console++.js:263 in error
[ERROR - 2017-05-31T14:59:17.030Z] WebElementLocator - _handleLocateCommand - Element(s) NOT Found: GAVE UP. Search Stop Time: 1496242757001

  phantomjs://platform/console++.js:263 in error
[ERROR - 2017-05-31T14:59:17.884Z] WebElementLocator - _handleLocateCommand - Element(s) NOT Found: GAVE UP. Search Stop Time: 1496242757855

  phantomjs://platform/console++.js:263 in error
[ERROR - 2017-05-31T14:59:18.737Z] WebElementLocator - _handleLocateCommand - Element(s) NOT Found: GAVE UP. Search Stop Time: 1496242758705

  phantomjs://platform/console++.js:263 in error
[ERROR - 2017-05-31T14:59:19.591Z] WebElementLocator - _handleLocateCommand - Element(s) NOT Found: GAVE UP. Search Stop Time: 1496242759565

  phantomjs://platform/console++.js:263 in error
[ERROR - 2017-05-31T14:59:20.431Z] WebElementLocator - _handleLocateCommand - Element(s) NOT Found: GAVE UP. Search Stop Time: 1496242760409

  phantomjs://platform/console++.js:263 in error
[ERROR - 2017-05-31T14:59:21.276Z] WebElementLocator - _handleLocateCommand - Element(s) NOT Found: GAVE UP. Search Stop Time: 1496242761250

  phantomjs://platform/console++.js:263 in error
[ERROR - 2017-05-31T14:59:22.127Z] WebElementLocator - _handleLocateCommand - Element(s) NOT Found: GAVE UP. Search Stop Time: 1496242762091

  phantomjs://platform/console++.js:263 in error
[ERROR - 2017-05-31T14:59:22.980Z] WebElementLocator - _handleLocateCommand - Element(s) NOT Found: GAVE UP. Search Stop Time: 1496242762950

  phantomjs://platform/console++.js:263 in error
[ERROR - 2017-05-31T14:59:23.833Z] WebElementLocator - _handleLocateCommand - Element(s) NOT Found: GAVE UP. Search Stop Time: 1496242763804

  phantomjs://platform/console++.js:263 in error
[ERROR - 2017-05-31T14:59:24.684Z] WebElementLocator - _handleLocateCommand - Element(s) NOT Found: GAVE UP. Search Stop Time: 1496242764659

  phantomjs://platform/console++.js:263 in error
[ERROR - 2017-05-31T14:59:25.538Z] WebElementLocator - _handleLocateCommand - Element(s) NOT Found: GAVE UP. Search Stop Time: 1496242765505

  phantomjs://platform/console++.js:263 in error
[ERROR - 2017-05-31T14:59:26.389Z] WebElementLocator - _handleLocateCommand - Element(s) NOT Found: GAVE UP. Search Stop Time: 1496242766357

  phantomjs://platform/console++.js:263 in error
[ERROR - 2017-05-31T14:59:27.235Z] WebElementLocator - _handleLocateCommand - Element(s) NOT Found: GAVE UP. Search Stop Time: 1496242767209

  phantomjs://platform/console++.js:263 in error
[ERROR - 2017-05-31T14:59:28.075Z] WebElementLocator - _handleLocateCommand - Element(s) NOT Found: GAVE UP. Search Stop Time: 1496242768051

  phantomjs://platform/console++.js:263 in error
[ERROR - 2017-05-31T14:59:28.924Z] WebElementLocator - _handleLocateCommand - Element(s) NOT Found: GAVE UP. Search Stop Time: 1496242768891

  phantomjs://platform/console++.js:263 in error
[ERROR - 2017-05-31T14:59:29.772Z] WebElementLocator - _handleLocateCommand - Element(s) NOT Found: GAVE UP. Search Stop Time: 1496242769746

  phantomjs://platform/console++.js:263 in error
[ERROR - 2017-05-31T14:59:30.619Z] WebElementLocator - _handleLocateCommand - Element(s) NOT Found: GAVE UP. Search Stop Time: 1496242770590

  phantomjs://platform/console++.js:263 in error
[ERROR - 2017-05-31T14:59:31.464Z] WebElementLocator - _handleLocateCommand - Element(s) NOT Found: GAVE UP. Search Stop Time: 1496242771437

  phantomjs://platform/console++.js:263 in error
[ERROR - 2017-05-31T14:59:32.308Z] WebElementLocator - _handleLocateCommand - Element(s) NOT Found: GAVE UP. Search Stop Time: 1496242772281

  phantomjs://platform/console++.js:263 in error
[ERROR - 2017-05-31T14:59:33.148Z] WebElementLocator - _handleLocateCommand - Element(s) NOT Found: GAVE UP. Search Stop Time: 1496242773125

  phantomjs://platform/console++.js:263 in error
[ERROR - 2017-05-31T14:59:34.001Z] WebElementLocator - _handleLocateCommand - Element(s) NOT Found: GAVE UP. Search Stop Time: 1496242773966

  phantomjs://platform/console++.js:263 in error
[ERROR - 2017-05-31T14:59:34.852Z] WebElementLocator - _handleLocateCommand - Element(s) NOT Found: GAVE UP. Search Stop Time: 1496242774825

  phantomjs://platform/console++.js:263 in error
[ERROR - 2017-05-31T14:59:35.707Z] WebElementLocator - _handleLocateCommand - Element(s) NOT Found: GAVE UP. Search Stop Time: 1496242775677

  phantomjs://platform/console++.js:263 in error
[ERROR - 2017-05-31T14:59:36.552Z] WebElementLocator - _handleLocateCommand - Element(s) NOT Found: GAVE UP. Search Stop Time: 1496242776526

  phantomjs://platform/console++.js:263 in error
[ERROR - 2017-05-31T14:59:37.403Z] WebElementLocator - _handleLocateCommand - Element(s) NOT Found: GAVE UP. Search Stop Time: 1496242777374

  phantomjs://platform/console++.js:263 in error
[ERROR - 2017-05-31T14:59:38.249Z] WebElementLocator - _handleLocateCommand - Element(s) NOT Found: GAVE UP. Search Stop Time: 1496242778222

  phantomjs://platform/console++.js:263 in error
[ERROR - 2017-05-31T14:59:39.093Z] WebElementLocator - _handleLocateCommand - Element(s) NOT Found: GAVE UP. Search Stop Time: 1496242779066

  phantomjs://platform/console++.js:263 in error
[ERROR - 2017-05-31T14:59:39.940Z] WebElementLocator - _handleLocateCommand - Element(s) NOT Found: GAVE UP. Search Stop Time: 1496242779914

  phantomjs://platform/console++.js:263 in error
[ERROR - 2017-05-31T14:59:40.788Z] WebElementLocator - _handleLocateCommand - Element(s) NOT Found: GAVE UP. Search Stop Time: 1496242780760

  phantomjs://platform/console++.js:263 in error
[ERROR - 2017-05-31T14:59:41.637Z] WebElementLocator - _handleLocateCommand - Element(s) NOT Found: GAVE UP. Search Stop Time: 1496242781608

  phantomjs://platform/console++.js:263 in error
[ERROR - 2017-05-31T14:59:42.482Z] WebElementLocator - _handleLocateCommand - Element(s) NOT Found: GAVE UP. Search Stop Time: 1496242782455

  phantomjs://platform/console++.js:263 in error
[ERROR - 2017-05-31T14:59:43.327Z] WebElementLocator - _handleLocateCommand - Element(s) NOT Found: GAVE UP. Search Stop Time: 1496242783303

  phantomjs://platform/console++.js:263 in error
[ERROR - 2017-05-31T14:59:44.172Z] WebElementLocator - _handleLocateCommand - Element(s) NOT Found: GAVE UP. Search Stop Time: 1496242784144

  phantomjs://platform/console++.js:263 in error
[ERROR - 2017-05-31T14:59:45.023Z] WebElementLocator - _handleLocateCommand - Element(s) NOT Found: GAVE UP. Search Stop Time: 1496242784992

  phantomjs://platform/console++.js:263 in error
[ERROR - 2017-05-31T14:59:45.870Z] WebElementLocator - _handleLocateCommand - Element(s) NOT Found: GAVE UP. Search Stop Time: 1496242785846

  phantomjs://platform/console++.js:263 in error
[ERROR - 2017-05-31T14:59:46.716Z] WebElementLocator - _handleLocateCommand - Element(s) NOT Found: GAVE UP. Search Stop Time: 1496242786689

  phantomjs://platform/console++.js:263 in error
[ERROR - 2017-05-31T14:59:47.566Z] WebElementLocator - _handleLocateCommand - Element(s) NOT Found: GAVE UP. Search Stop Time: 1496242787547

  phantomjs://platform/console++.js:263 in error
[ERROR - 2017-05-31T14:59:48.421Z] WebElementLocator - _handleLocateCommand - Element(s) NOT Found: GAVE UP. Search Stop Time: 1496242788392

  phantomjs://platform/console++.js:263 in error
[ERROR - 2017-05-31T14:59:49.269Z] WebElementLocator - _handleLocateCommand - Element(s) NOT Found: GAVE UP. Search Stop Time: 1496242789251

  phantomjs://platform/console++.js:263 in error
[ERROR - 2017-05-31T14:59:50.195Z] WebElementLocator - _handleLocateCommand - Element(s) NOT Found: GAVE UP. Search Stop Time: 1496242790169

  phantomjs://platform/console++.js:263 in error
[ERROR - 2017-05-31T14:59:51.041Z] WebElementLocator - _handleLocateCommand - Element(s) NOT Found: GAVE UP. Search Stop Time: 1496242791019

  phantomjs://platform/console++.js:263 in error
[ERROR - 2017-05-31T14:59:51.892Z] WebElementLocator - _handleLocateCommand - Element(s) NOT Found: GAVE UP. Search Stop Time: 1496242791864

  phantomjs://platform/console++.js:263 in error
[ERROR - 2017-05-31T14:59:52.739Z] WebElementLocator - _handleLocateCommand - Element(s) NOT Found: GAVE UP. Search Stop Time: 1496242792712

  phantomjs://platform/console++.js:263 in error
[ERROR - 2017-05-31T14:59:53.590Z] WebElementLocator - _handleLocateCommand - Element(s) NOT Found: GAVE UP. Search Stop Time: 1496242793562

  phantomjs://platform/console++.js:263 in error
[ERROR - 2017-05-31T14:59:54.448Z] WebElementLocator - _handleLocateCommand - Element(s) NOT Found: GAVE UP. Search Stop Time: 1496242794413

  phantomjs://platform/console++.js:263 in error
[ERROR - 2017-05-31T14:59:55.301Z] WebElementLocator - _handleLocateCommand - Element(s) NOT Found: GAVE UP. Search Stop Time: 1496242795271

  phantomjs://platform/console++.js:263 in error
[ERROR - 2017-05-31T14:59:56.151Z] WebElementLocator - _handleLocateCommand - Element(s) NOT Found: GAVE UP. Search Stop Time: 1496242796120

  phantomjs://platform/console++.js:263 in error
[ERROR - 2017-05-31T14:59:57.004Z] WebElementLocator - _handleLocateCommand - Element(s) NOT Found: GAVE UP. Search Stop Time: 1496242796973

  phantomjs://platform/console++.js:263 in error
[ERROR - 2017-05-31T14:59:57.848Z] WebElementLocator - _handleLocateCommand - Element(s) NOT Found: GAVE UP. Search Stop Time: 1496242797826

  phantomjs://platform/console++.js:263 in error
[ERROR - 2017-05-31T14:59:58.703Z] WebElementLocator - _handleLocateCommand - Element(s) NOT Found: GAVE UP. Search Stop Time: 1496242798676

  phantomjs://platform/console++.js:263 in error
[ERROR - 2017-05-31T14:59:59.555Z] WebElementLocator - _handleLocateCommand - Element(s) NOT Found: GAVE UP. Search Stop Time: 1496242799526

  phantomjs://platform/console++.js:263 in error
[ERROR - 2017-05-31T15:00:00.407Z] WebElementLocator - _handleLocateCommand - Element(s) NOT Found: GAVE UP. Search Stop Time: 1496242800376

  phantomjs://platform/console++.js:263 in error
[ERROR - 2017-05-31T15:00:01.262Z] WebElementLocator - _handleLocateCommand - Element(s) NOT Found: GAVE UP. Search Stop Time: 1496242801227

  phantomjs://platform/console++.js:263 in error
[ERROR - 2017-05-31T15:00:02.103Z] WebElementLocator - _handleLocateCommand - Element(s) NOT Found: GAVE UP. Search Stop Time: 1496242802079

  phantomjs://platform/console++.js:263 in error
[ERROR - 2017-05-31T15:00:02.949Z] WebElementLocator - _handleLocateCommand - Element(s) NOT Found: GAVE UP. Search Stop Time: 1496242802926

  phantomjs://platform/console++.js:263 in error
[ERROR - 2017-05-31T15:00:03.797Z] WebElementLocator - _handleLocateCommand - Element(s) NOT Found: GAVE UP. Search Stop Time: 1496242803770

  phantomjs://platform/console++.js:263 in error
[ERROR - 2017-05-31T15:00:04.637Z] WebElementLocator - _handleLocateCommand - Element(s) NOT Found: GAVE UP. Search Stop Time: 1496242804617

  phantomjs://platform/console++.js:263 in error
[ERROR - 2017-05-31T15:00:05.484Z] WebElementLocator - _handleLocateCommand - Element(s) NOT Found: GAVE UP. Search Stop Time: 1496242805456

  phantomjs://platform/console++.js:263 in error
[ERROR - 2017-05-31T15:00:06.337Z] WebElementLocator - _handleLocateCommand - Element(s) NOT Found: GAVE UP. Search Stop Time: 1496242806303

  phantomjs://platform/console++.js:263 in error
[ERROR - 2017-05-31T15:00:07.188Z] WebElementLocator - _handleLocateCommand - Element(s) NOT Found: GAVE UP. Search Stop Time: 1496242807160

  phantomjs://platform/console++.js:263 in error
[ERROR - 2017-05-31T15:00:08.036Z] WebElementLocator - _handleLocateCommand - Element(s) NOT Found: GAVE UP. Search Stop Time: 1496242808009

  phantomjs://platform/console++.js:263 in error
